<?xml version="1.0" encoding="UTF-8"?>
<!-- Generated by org.testng.reporters.JUnitXMLReporter -->
<testsuite ignored="0" hostname="LAKSH-PC-7OB823MK" failures="0" tests="7" name="Test" time="25.28" errors="0" timestamp="2022-06-25T14:02:20 IST">
  <testcase classname="qaclickacademy.Mavenjava.AppiumTest" name="IOSApps" time="0.006"/>
  <testcase classname="qaclickacademy.Mavenjava.AppiumTest" name="NativeAppAndroid" time="0.001"/>
  <testcase classname="qaclickacademy.Mavenjava.APITest" name="PostJira" time="0.0"/>
  <testcase classname="qaclickacademy.Mavenjava.APITest" name="fbdeleteTC" time="0.001"/>
  <testcase classname="qaclickacademy.Mavenjava.SeleniumTest" name="BrowserAutomation" time="0.001"/>
  <testcase classname="qaclickacademy.Mavenjava.SeleniumTest" name="elemntUI" time="0.001"/>
  <testcase classname="qaclickacademy.Mavenjava.SeleniumTest" name="main" time="25.227"/>
</testsuite> <!-- Test -->
