<?xml version="1.0" encoding="UTF-8"?>
<testng-results ignored="0" total="7" passed="7" failed="0" skipped="0">
  <reporter-output>
  </reporter-output>
  <suite started-at="2022-06-25T19:02:13 IST" name="Suite" finished-at="2022-06-25T19:02:40 IST" duration-ms="27863">
    <groups>
    </groups>
    <test started-at="2022-06-25T19:02:13 IST" name="Test" finished-at="2022-06-25T19:02:40 IST" duration-ms="27863">
      <class name="qaclickacademy.Mavenjava.AppiumTest">
        <test-method signature="IOSApps()[pri:0, instance:qaclickacademy.Mavenjava.AppiumTest@2c35e847]" started-at="2022-06-25T19:02:13 IST" name="IOSApps" finished-at="2022-06-25T19:02:13 IST" duration-ms="6" status="PASS">
          <reporter-output>
          </reporter-output>
        </test-method> <!-- IOSApps -->
        <test-method signature="NativeAppAndroid()[pri:0, instance:qaclickacademy.Mavenjava.AppiumTest@2c35e847]" started-at="2022-06-25T19:02:13 IST" name="NativeAppAndroid" finished-at="2022-06-25T19:02:13 IST" duration-ms="1" status="PASS">
          <reporter-output>
          </reporter-output>
        </test-method> <!-- NativeAppAndroid -->
      </class> <!-- qaclickacademy.Mavenjava.AppiumTest -->
      <class name="qaclickacademy.Mavenjava.APITest">
        <test-method signature="PostJira()[pri:0, instance:qaclickacademy.Mavenjava.APITest@c88a337]" started-at="2022-06-25T19:02:13 IST" name="PostJira" finished-at="2022-06-25T19:02:13 IST" duration-ms="0" status="PASS">
          <reporter-output>
          </reporter-output>
        </test-method> <!-- PostJira -->
        <test-method signature="fbdeleteTC()[pri:0, instance:qaclickacademy.Mavenjava.APITest@c88a337]" started-at="2022-06-25T19:02:13 IST" name="fbdeleteTC" finished-at="2022-06-25T19:02:13 IST" duration-ms="0" status="PASS">
          <reporter-output>
          </reporter-output>
        </test-method> <!-- fbdeleteTC -->
      </class> <!-- qaclickacademy.Mavenjava.APITest -->
      <class name="qaclickacademy.Mavenjava.SeleniumTest">
        <test-method signature="BrowserAutomation()[pri:0, instance:qaclickacademy.Mavenjava.SeleniumTest@5d0a1059]" started-at="2022-06-25T19:02:13 IST" name="BrowserAutomation" finished-at="2022-06-25T19:02:13 IST" duration-ms="0" status="PASS">
          <reporter-output>
          </reporter-output>
        </test-method> <!-- BrowserAutomation -->
        <test-method signature="elemntUI()[pri:0, instance:qaclickacademy.Mavenjava.SeleniumTest@5d0a1059]" started-at="2022-06-25T19:02:13 IST" name="elemntUI" finished-at="2022-06-25T19:02:13 IST" duration-ms="0" status="PASS">
          <reporter-output>
          </reporter-output>
        </test-method> <!-- elemntUI -->
        <test-method signature="main()[pri:0, instance:qaclickacademy.Mavenjava.SeleniumTest@5d0a1059]" started-at="2022-06-25T19:02:13 IST" name="main" finished-at="2022-06-25T19:02:40 IST" duration-ms="27789" status="PASS">
          <reporter-output>
          </reporter-output>
        </test-method> <!-- main -->
      </class> <!-- qaclickacademy.Mavenjava.SeleniumTest -->
    </test> <!-- Test -->
  </suite> <!-- Suite -->
</testng-results>
